<?xml version="1.0" encoding="UTF-8"?>
<!-- Generated by org.testng.reporters.JUnitReportReporter -->
<testsuite hostname="DESKTOP-1D8CK3P" failures="0" tests="1" name="actions.BookerActions" time="46.563" errors="0" timestamp="16 Oct 2018 04:14:25 GMT" skipped="0">
  <testcase classname="actions.BookerActions" name="CheckBookerLoginUsingQuery" time="46.563"/>
</testsuite> <!-- actions.BookerActions -->
