<?xml version="1.0" encoding="UTF-8"?>
<!-- Generated by org.testng.reporters.JUnitReportReporter -->
<testsuite hostname="DESKTOP-1D8CK3P" failures="0" tests="1" name="actions.BookerActions" time="31.796" errors="0" timestamp="01 Oct 2018 04:51:44 GMT" skipped="0">
  <testcase classname="actions.BookerActions" name="VATRequest" time="31.796"/>
</testsuite> <!-- actions.BookerActions -->
